  [1m[35m (260.3ms)[0m  [1m[35mCREATE DATABASE "sprint0_development" ENCODING = 'unicode'[0m
  [1m[35m (119.4ms)[0m  [1m[35mCREATE DATABASE "sprint0_test" ENCODING = 'unicode'[0m
Started GET "/" for ::1 at 2024-09-03 21:25:54 -0400
  [1m[35m (18.4ms)[0m  [1m[35mCREATE TABLE "schema_migrations" ("version" character varying NOT NULL PRIMARY KEY)[0m
  [1m[35m (14.0ms)[0m  [1m[35mCREATE TABLE "ar_internal_metadata" ("key" character varying NOT NULL PRIMARY KEY, "value" character varying, "created_at" timestamp(6) NOT NULL, "updated_at" timestamp(6) NOT NULL)[0m
  [1m[36mActiveRecord::SchemaMigration Load (1.1ms)[0m  [1m[34mSELECT "schema_migrations"."version" FROM "schema_migrations" ORDER BY "schema_migrations"."version" ASC[0m
Processing by Rails::WelcomeController#index as HTML
  Rendering /usr/local/rvm/gems/ruby-3.1.0/gems/railties-7.2.1/lib/rails/templates/rails/welcome/index.html.erb
  Rendered /usr/local/rvm/gems/ruby-3.1.0/gems/railties-7.2.1/lib/rails/templates/rails/welcome/index.html.erb (Duration: 0.8ms | GC: 0.0ms)
Completed 200 OK in 29ms (Views: 5.9ms | ActiveRecord: 0.0ms (0 queries, 0 cached) | GC: 0.6ms)


Started GET "/" for ::1 at 2024-09-03 21:28:47 -0400
  [1m[36mActiveRecord::SchemaMigration Load (1.2ms)[0m  [1m[34mSELECT "schema_migrations"."version" FROM "schema_migrations" ORDER BY "schema_migrations"."version" ASC[0m
Processing by RenderController#index as HTML
  Rendering layout layouts/application.html.erb
  Rendering render/index.html.erb within layouts/application
  Rendered render/index.html.erb within layouts/application (Duration: 0.4ms | GC: 0.0ms)
  Rendered layout layouts/application.html.erb (Duration: 17.5ms | GC: 0.5ms)
Completed 500 Internal Server Error in 107ms (ActiveRecord: 0.0ms (0 queries, 0 cached) | GC: 21.0ms)


  
ActionView::Template::Error (The asset "application.css" is not present in the asset pipeline.
):

Causes:
Sprockets::Rails::Helper::AssetNotFound (The asset "application.css" is not present in the asset pipeline.
)
    13:     <link rel="icon" href="/icon.png" type="image/png">
    14:     <link rel="icon" href="/icon.svg" type="image/svg+xml">
    15:     <link rel="apple-touch-icon" href="/icon.png">
    16:     <%= stylesheet_link_tag "application", "data-turbo-track": "reload" %>
    17:     <%= javascript_include_tag "application", "data-turbo-track": "reload", type: "module" %>
    18:   </head>
    19: 
  
app/views/layouts/application.html.erb:16
Started GET "/" for ::1 at 2024-09-03 21:29:30 -0400
  
ActionController::RoutingError (uninitialized constant PostsController

      Object.const_get(camel_cased_word)
            ^^^^^^^^^^

            raise MissingController.new(error.message, error.name)
            ^^^^^):

Causes:
ActionDispatch::MissingController (uninitialized constant PostsController

      Object.const_get(camel_cased_word)
            ^^^^^^^^^^

            raise MissingController.new(error.message, error.name)
            ^^^^^)
NameError (uninitialized constant PostsController

      Object.const_get(camel_cased_word)
            ^^^^^^^^^^)
  
Started GET "/" for ::1 at 2024-09-03 21:31:14 -0400
  [1m[36mActiveRecord::SchemaMigration Load (0.9ms)[0m  [1m[34mSELECT "schema_migrations"."version" FROM "schema_migrations" ORDER BY "schema_migrations"."version" ASC[0m
Processing by PostsController#index as HTML
  Rendering layout layouts/application.html.erb
  Rendering posts/index.html.erb within layouts/application
  Rendered posts/index.html.erb within layouts/application (Duration: 13.4ms | GC: 12.9ms)
  Rendered layout layouts/application.html.erb (Duration: 18.1ms | GC: 13.1ms)
Completed 500 Internal Server Error in 32ms (ActiveRecord: 0.0ms (0 queries, 0 cached) | GC: 14.0ms)


  
ActionView::Template::Error (The asset "application.css" is not present in the asset pipeline.
):

Causes:
Sprockets::Rails::Helper::AssetNotFound (The asset "application.css" is not present in the asset pipeline.
)
    13:     <link rel="icon" href="/icon.png" type="image/png">
    14:     <link rel="icon" href="/icon.svg" type="image/svg+xml">
    15:     <link rel="apple-touch-icon" href="/icon.png">
    16:     <%= stylesheet_link_tag "application", "data-turbo-track": "reload" %>
    17:     <%= javascript_include_tag "application", "data-turbo-track": "reload", type: "module" %>
    18:   </head>
    19: 
  
app/views/layouts/application.html.erb:16
Started GET "/" for ::1 at 2024-09-03 21:31:56 -0400
Processing by PostsController#index as HTML
  Rendering layout layouts/application.html.erb
  Rendering posts/index.html.erb within layouts/application
  Rendered posts/index.html.erb within layouts/application (Duration: 0.3ms | GC: 0.0ms)
  Rendered layout layouts/application.html.erb (Duration: 3.0ms | GC: 0.2ms)
Completed 500 Internal Server Error in 5ms (ActiveRecord: 0.0ms (0 queries, 0 cached) | GC: 0.5ms)


  
ActionView::Template::Error (The asset "application.css" is not present in the asset pipeline.
):

Causes:
Sprockets::Rails::Helper::AssetNotFound (The asset "application.css" is not present in the asset pipeline.
)
    13:     <link rel="icon" href="/icon.png" type="image/png">
    14:     <link rel="icon" href="/icon.svg" type="image/svg+xml">
    15:     <link rel="apple-touch-icon" href="/icon.png">
    16:     <%= stylesheet_link_tag "application", "data-turbo-track": "reload" %>
    17:     <%= javascript_include_tag "application", "data-turbo-track": "reload", type: "module" %>
    18:   </head>
    19: 
  
app/views/layouts/application.html.erb:16
Started GET "/" for ::1 at 2024-09-03 21:31:59 -0400
Processing by PostsController#index as HTML
  Rendering layout layouts/application.html.erb
  Rendering posts/index.html.erb within layouts/application
  Rendered posts/index.html.erb within layouts/application (Duration: 0.2ms | GC: 0.0ms)
  Rendered layout layouts/application.html.erb (Duration: 9.6ms | GC: 0.5ms)
Completed 500 Internal Server Error in 12ms (ActiveRecord: 0.0ms (0 queries, 0 cached) | GC: 0.9ms)


  
ActionView::Template::Error (The asset "application.css" is not present in the asset pipeline.
):

Causes:
Sprockets::Rails::Helper::AssetNotFound (The asset "application.css" is not present in the asset pipeline.
)
    13:     <link rel="icon" href="/icon.png" type="image/png">
    14:     <link rel="icon" href="/icon.svg" type="image/svg+xml">
    15:     <link rel="apple-touch-icon" href="/icon.png">
    16:     <%= stylesheet_link_tag "application", "data-turbo-track": "reload" %>
    17:     <%= javascript_include_tag "application", "data-turbo-track": "reload", type: "module" %>
    18:   </head>
    19: 
  
app/views/layouts/application.html.erb:16
Started GET "/" for ::1 at 2024-09-03 21:33:44 -0400
  
SyntaxError (/root/sprint0/config/routes.rb:16: syntax error, unexpected `end', expecting end-of-input):
  
config/routes.rb:16: syntax error, unexpected `end', expecting end-of-input
Started GET "/" for ::1 at 2024-09-03 21:33:51 -0400
Processing by PostsController#index as HTML
  Rendering layout layouts/application.html.erb
  Rendering posts/index.html.erb within layouts/application
  Rendered posts/index.html.erb within layouts/application (Duration: 0.3ms | GC: 0.0ms)
  Rendered layout layouts/application.html.erb (Duration: 2.8ms | GC: 0.1ms)
Completed 500 Internal Server Error in 6ms (ActiveRecord: 0.0ms (0 queries, 0 cached) | GC: 0.3ms)


  
ActionView::Template::Error (The asset "application.css" is not present in the asset pipeline.
):

Causes:
Sprockets::Rails::Helper::AssetNotFound (The asset "application.css" is not present in the asset pipeline.
)
    13:     <link rel="icon" href="/icon.png" type="image/png">
    14:     <link rel="icon" href="/icon.svg" type="image/svg+xml">
    15:     <link rel="apple-touch-icon" href="/icon.png">
    16:     <%= stylesheet_link_tag "application", "data-turbo-track": "reload" %>
    17:     <%= javascript_include_tag "application", "data-turbo-track": "reload", type: "module" %>
    18:   </head>
    19: 
  
app/views/layouts/application.html.erb:16
Started GET "/" for ::1 at 2024-09-03 21:35:24 -0400
Processing by RenderController#index as HTML
  Rendering layout layouts/application.html.erb
  Rendering render/index.html.erb within layouts/application
  Rendered render/index.html.erb within layouts/application (Duration: 0.5ms | GC: 0.0ms)
  Rendered layout layouts/application.html.erb (Duration: 11.4ms | GC: 0.4ms)
Completed 500 Internal Server Error in 17ms (ActiveRecord: 0.0ms (0 queries, 0 cached) | GC: 0.7ms)


  
ActionView::Template::Error (The asset "application.css" is not present in the asset pipeline.
):

Causes:
Sprockets::Rails::Helper::AssetNotFound (The asset "application.css" is not present in the asset pipeline.
)
    13:     <link rel="icon" href="/icon.png" type="image/png">
    14:     <link rel="icon" href="/icon.svg" type="image/svg+xml">
    15:     <link rel="apple-touch-icon" href="/icon.png">
    16:     <%= stylesheet_link_tag "application", "data-turbo-track": "reload" %>
    17:     <%= javascript_include_tag "application", "data-turbo-track": "reload", type: "module" %>
    18:   </head>
    19: 
  
app/views/layouts/application.html.erb:16
Started GET "/" for ::1 at 2024-09-03 21:37:01 -0400
  [1m[36mActiveRecord::SchemaMigration Load (0.9ms)[0m  [1m[34mSELECT "schema_migrations"."version" FROM "schema_migrations" ORDER BY "schema_migrations"."version" ASC[0m
Processing by RenderController#index as HTML
  Rendering layout layouts/application.html.erb
  Rendering render/index.html.erb within layouts/application
  Rendered render/index.html.erb within layouts/application (Duration: 0.6ms | GC: 0.0ms)
  Rendered layout layouts/application.html.erb (Duration: 34.6ms | GC: 18.0ms)
Completed 500 Internal Server Error in 72ms (ActiveRecord: 0.0ms (0 queries, 0 cached) | GC: 18.5ms)


  
ActionView::Template::Error (The asset "application.css" is not present in the asset pipeline.
):

Causes:
Sprockets::Rails::Helper::AssetNotFound (The asset "application.css" is not present in the asset pipeline.
)
    13:     <link rel="icon" href="/icon.png" type="image/png">
    14:     <link rel="icon" href="/icon.svg" type="image/svg+xml">
    15:     <link rel="apple-touch-icon" href="/icon.png">
    16:     <%= stylesheet_link_tag "application", "data-turbo-track": "reload" %>
    17:     <%= javascript_include_tag "application", "data-turbo-track": "reload", type: "module" %>
    18:   </head>
    19: 
  
app/views/layouts/application.html.erb:16
Started GET "/" for ::1 at 2024-09-03 21:38:38 -0400
  [1m[36mActiveRecord::SchemaMigration Load (0.8ms)[0m  [1m[34mSELECT "schema_migrations"."version" FROM "schema_migrations" ORDER BY "schema_migrations"."version" ASC[0m
Processing by RenderController#index as HTML
  Rendering layout layouts/application.html.erb
  Rendering render/index.html.erb within layouts/application
  Rendered render/index.html.erb within layouts/application (Duration: 0.4ms | GC: 0.0ms)
  Rendered layout layouts/application.html.erb (Duration: 5.2ms | GC: 0.3ms)
Completed 500 Internal Server Error in 16ms (ActiveRecord: 0.0ms (0 queries, 0 cached) | GC: 0.9ms)


  
ActionView::Template::Error (The asset "application.css" is not present in the asset pipeline.
):

Causes:
Sprockets::Rails::Helper::AssetNotFound (The asset "application.css" is not present in the asset pipeline.
)
    13:     <link rel="icon" href="/icon.png" type="image/png">
    14:     <link rel="icon" href="/icon.svg" type="image/svg+xml">
    15:     <link rel="apple-touch-icon" href="/icon.png">
    16:     <%= stylesheet_link_tag "application", "data-turbo-track": "reload" %>
    17:     <%= javascript_include_tag "application", "data-turbo-track": "reload", type: "module" %>
    18:   </head>
    19: 
  
app/views/layouts/application.html.erb:16
Started GET "/" for ::1 at 2024-09-03 21:44:19 -0400
Processing by RenderController#index as HTML
  Rendering layout layouts/application.html.erb
  Rendering render/index.html.erb within layouts/application
  Rendered render/index.html.erb within layouts/application (Duration: 1.1ms | GC: 0.0ms)
  Rendered layout layouts/application.html.erb (Duration: 2.1ms | GC: 0.0ms)
Completed 200 OK in 7ms (Views: 4.9ms | ActiveRecord: 0.0ms (0 queries, 0 cached) | GC: 0.4ms)


Started GET "/" for ::1 at 2024-09-03 21:44:26 -0400
Processing by RenderController#index as HTML
  Rendering layout layouts/application.html.erb
  Rendering render/index.html.erb within layouts/application
  Rendered render/index.html.erb within layouts/application (Duration: 0.7ms | GC: 0.0ms)
  Rendered layout layouts/application.html.erb (Duration: 15.1ms | GC: 1.3ms)
Completed 500 Internal Server Error in 19ms (ActiveRecord: 0.0ms (0 queries, 0 cached) | GC: 1.3ms)


  
ActionView::Template::Error (The asset "application.css" is not present in the asset pipeline.
):

Causes:
Sprockets::Rails::Helper::AssetNotFound (The asset "application.css" is not present in the asset pipeline.
)
    13:     <link rel="icon" href="/icon.png" type="image/png">
    14:     <link rel="icon" href="/icon.svg" type="image/svg+xml">
    15:     <link rel="apple-touch-icon" href="/icon.png">
    16:     <%= stylesheet_link_tag "application", "data-turbo-track": "reload" %>
    17:     <%= javascript_include_tag "application", "data-turbo-track": "reload", type: "module" %>
    18:   </head>
    19: 
  
app/views/layouts/application.html.erb:16
Started GET "/" for ::1 at 2024-09-03 21:44:37 -0400
Processing by RenderController#index as HTML
  Rendering layout layouts/application.html.erb
  Rendering render/index.html.erb within layouts/application
  Rendered render/index.html.erb within layouts/application (Duration: 1.6ms | GC: 0.0ms)
  Rendered layout layouts/application.html.erb (Duration: 8.7ms | GC: 1.1ms)
Completed 500 Internal Server Error in 11ms (ActiveRecord: 0.0ms (0 queries, 0 cached) | GC: 1.1ms)


  
ActionView::Template::Error (The asset "application.js" is not present in the asset pipeline.
):

Causes:
Sprockets::Rails::Helper::AssetNotFound (The asset "application.js" is not present in the asset pipeline.
)
    14:     <link rel="icon" href="/icon.svg" type="image/svg+xml">
    15:     <link rel="apple-touch-icon" href="/icon.png">
    16: 
    17:     <%= javascript_include_tag "application", "data-turbo-track": "reload", type: "module" %>
    18:   </head>
    19: 
    20:   <body>
  
app/views/layouts/application.html.erb:17
Started GET "/" for ::1 at 2024-09-03 21:44:48 -0400
Processing by RenderController#index as HTML
  Rendering layout layouts/application.html.erb
  Rendering render/index.html.erb within layouts/application
  Rendered render/index.html.erb within layouts/application (Duration: 2.0ms | GC: 0.0ms)
  Rendered layout layouts/application.html.erb (Duration: 5.2ms | GC: 0.0ms)
Completed 200 OK in 9ms (Views: 7.8ms | ActiveRecord: 0.0ms (0 queries, 0 cached) | GC: 0.0ms)


Started GET "/manifest.json" for ::1 at 2024-09-03 21:44:48 -0400
  
ActionController::RoutingError (No route matches [GET] "/manifest.json"):
  
Started GET "/" for ::1 at 2024-09-03 21:45:12 -0400
Processing by RenderController#index as HTML
  Rendering layout layouts/application.html.erb
  Rendering render/index.html.erb within layouts/application
  Rendered render/index.html.erb within layouts/application (Duration: 1.2ms | GC: 0.3ms)
  Rendered layout layouts/application.html.erb (Duration: 28.0ms | GC: 0.7ms)
Completed 500 Internal Server Error in 34ms (ActiveRecord: 0.0ms (0 queries, 0 cached) | GC: 0.7ms)


  
ActionView::Template::Error (The asset "application.css" is not present in the asset pipeline.
):

Causes:
Sprockets::Rails::Helper::AssetNotFound (The asset "application.css" is not present in the asset pipeline.
)
    13:     <link rel="icon" href="/icon.png" type="image/png">
    14:     <link rel="icon" href="/icon.svg" type="image/svg+xml">
    15:     <link rel="apple-touch-icon" href="/icon.png">
    16:     <%= stylesheet_link_tag "application", "data-turbo-track": "reload" %>
    17:     <%= javascript_include_tag "application", "data-turbo-track": "reload", type: "module" %>
    18:   </head>
    19: 
  
app/views/layouts/application.html.erb:16
Started GET "/" for ::1 at 2024-09-03 21:48:58 -0400
Processing by RenderController#index as HTML
  Rendering layout layouts/application.html.erb
  Rendering render/index.html.erb within layouts/application
  Rendered render/index.html.erb within layouts/application (Duration: 0.8ms | GC: 0.0ms)
  Rendered layout layouts/application.html.erb (Duration: 130.2ms | GC: 0.6ms)
Completed 500 Internal Server Error in 135ms (ActiveRecord: 0.0ms (0 queries, 0 cached) | GC: 0.9ms)


  
LoadError (cannot load such file -- sassc):
  
app/views/layouts/application.html.erb:16
Started GET "/" for ::1 at 2024-09-03 21:51:36 -0400
  [1m[36mActiveRecord::SchemaMigration Load (1.6ms)[0m  [1m[34mSELECT "schema_migrations"."version" FROM "schema_migrations" ORDER BY "schema_migrations"."version" ASC[0m
Processing by RenderController#index as HTML
  Rendering layout layouts/application.html.erb
  Rendering render/index.html.erb within layouts/application
  Rendered render/index.html.erb within layouts/application (Duration: 0.5ms | GC: 0.0ms)
  Rendered layout layouts/application.html.erb (Duration: 71.1ms | GC: 0.5ms)
Completed 500 Internal Server Error in 115ms (ActiveRecord: 0.0ms (0 queries, 0 cached) | GC: 1.1ms)


  
LoadError (cannot load such file -- sassc):
  
app/views/layouts/application.html.erb:16
Started GET "/" for 127.0.0.1 at 2024-09-03 21:51:37 -0400
Processing by RenderController#index as HTML
  Rendering layout layouts/application.html.erb
  Rendering render/index.html.erb within layouts/application
  Rendered render/index.html.erb within layouts/application (Duration: 3.1ms | GC: 0.2ms)
  Rendered layout layouts/application.html.erb (Duration: 17.3ms | GC: 1.2ms)
Completed 500 Internal Server Error in 23ms (ActiveRecord: 0.0ms (0 queries, 0 cached) | GC: 1.2ms)


  
LoadError (cannot load such file -- sassc):
  
app/views/layouts/application.html.erb:16
Started GET "/" for 127.0.0.1 at 2024-09-03 21:51:47 -0400
Processing by RenderController#index as HTML
  Rendering layout layouts/application.html.erb
  Rendering render/index.html.erb within layouts/application
  Rendered render/index.html.erb within layouts/application (Duration: 1.0ms | GC: 0.0ms)
  Rendered layout layouts/application.html.erb (Duration: 21.7ms | GC: 7.8ms)
Completed 500 Internal Server Error in 24ms (ActiveRecord: 0.0ms (0 queries, 0 cached) | GC: 7.8ms)


  
ActionView::Template::Error (The asset "application.css" is not present in the asset pipeline.
):

Causes:
Sprockets::Rails::Helper::AssetNotFound (The asset "application.css" is not present in the asset pipeline.
)
    13:     <link rel="icon" href="/icon.png" type="image/png">
    14:     <link rel="icon" href="/icon.svg" type="image/svg+xml">
    15:     <link rel="apple-touch-icon" href="/icon.png">
    16:     <%= stylesheet_link_tag "application", "data-turbo-track": "reload" %>
    17:     <%= javascript_include_tag "application", "data-turbo-track": "reload", type: "module" %>
    18:   </head>
    19: 
  
app/views/layouts/application.html.erb:16
Started GET "/" for 127.0.0.1 at 2024-09-03 21:51:59 -0400
Processing by RenderController#index as HTML
  Rendering layout layouts/application.html.erb
  Rendering render/index.html.erb within layouts/application
  Rendered render/index.html.erb within layouts/application (Duration: 0.4ms | GC: 0.0ms)
  Rendered layout layouts/application.html.erb (Duration: 7.0ms | GC: 1.3ms)
Completed 500 Internal Server Error in 11ms (ActiveRecord: 0.0ms (0 queries, 0 cached) | GC: 1.8ms)


  
ActionView::Template::Error (The asset "application.css" is not present in the asset pipeline.
):

Causes:
Sprockets::Rails::Helper::AssetNotFound (The asset "application.css" is not present in the asset pipeline.
)
    13:     <link rel="icon" href="/icon.png" type="image/png">
    14:     <link rel="icon" href="/icon.svg" type="image/svg+xml">
    15:     <link rel="apple-touch-icon" href="/icon.png">
    16:     #<%= stylesheet_link_tag "application", "data-turbo-track": "reload" %>
    17:     #<%= javascript_include_tag "application", "data-turbo-track": "reload", type: "module" %>
    18:   </head>
    19: 
  
app/views/layouts/application.html.erb:16
Started GET "/" for ::1 at 2024-09-03 21:52:53 -0400
Processing by RenderController#index as HTML
  Rendering layout layouts/application.html.erb
  Rendering render/index.html.erb within layouts/application
  Rendered render/index.html.erb within layouts/application (Duration: 0.6ms | GC: 0.0ms)
  Rendered layout layouts/application.html.erb (Duration: 14.4ms | GC: 0.5ms)
Completed 500 Internal Server Error in 20ms (ActiveRecord: 0.0ms (0 queries, 0 cached) | GC: 0.5ms)


  
ActionView::Template::Error (The asset "application.css" is not present in the asset pipeline.
):

Causes:
Sprockets::Rails::Helper::AssetNotFound (The asset "application.css" is not present in the asset pipeline.
)
    13:     <link rel="icon" href="/icon.png" type="image/png">
    14:     <link rel="icon" href="/icon.svg" type="image/svg+xml">
    15:     <link rel="apple-touch-icon" href="/icon.png">
    16:     <!-- <%= stylesheet_link_tag "application", "data-turbo-track": "reload" %> -->
    17:     <!-- <%= javascript_include_tag "application", "data-turbo-track": "reload", type: "module" %> -->
    18:   </head>
    19: 
  
app/views/layouts/application.html.erb:16
Started GET "/" for ::1 at 2024-09-03 21:52:56 -0400
Processing by RenderController#index as HTML
  Rendering layout layouts/application.html.erb
  Rendering render/index.html.erb within layouts/application
  Rendered render/index.html.erb within layouts/application (Duration: 0.2ms | GC: 0.0ms)
  Rendered layout layouts/application.html.erb (Duration: 7.1ms | GC: 0.4ms)
Completed 500 Internal Server Error in 10ms (ActiveRecord: 0.0ms (0 queries, 0 cached) | GC: 0.9ms)


  
ActionView::Template::Error (The asset "application.css" is not present in the asset pipeline.
):

Causes:
Sprockets::Rails::Helper::AssetNotFound (The asset "application.css" is not present in the asset pipeline.
)
    13:     <link rel="icon" href="/icon.png" type="image/png">
    14:     <link rel="icon" href="/icon.svg" type="image/svg+xml">
    15:     <link rel="apple-touch-icon" href="/icon.png">
    16:     <!-- <%= stylesheet_link_tag "application", "data-turbo-track": "reload" %> -->
    17:     <!-- <%= javascript_include_tag "application", "data-turbo-track": "reload", type: "module" %> -->
    18:   </head>
    19: 
  
app/views/layouts/application.html.erb:16
Started GET "/" for ::1 at 2024-09-03 21:53:32 -0400
Processing by RenderController#index as HTML
  Rendering layout layouts/application.html.erb
  Rendering render/index.html.erb within layouts/application
  Rendered render/index.html.erb within layouts/application (Duration: 0.4ms | GC: 0.0ms)
  Rendered layout layouts/application.html.erb (Duration: 2.8ms | GC: 0.6ms)
Completed 200 OK in 5ms (Views: 3.9ms | ActiveRecord: 0.0ms (0 queries, 0 cached) | GC: 0.6ms)


Started GET "/manifest.json" for ::1 at 2024-09-03 21:53:32 -0400
  
ActionController::RoutingError (No route matches [GET] "/manifest.json"):
  
Started GET "/" for ::1 at 2024-09-03 21:53:52 -0400
Processing by RenderController#index as HTML
  Rendering layout layouts/application.html.erb
  Rendering render/index.html.erb within layouts/application
  Rendered render/index.html.erb within layouts/application (Duration: 0.3ms | GC: 0.0ms)
  Rendered layout layouts/application.html.erb (Duration: 6.6ms | GC: 0.3ms)
Completed 500 Internal Server Error in 11ms (ActiveRecord: 0.0ms (0 queries, 0 cached) | GC: 0.7ms)


  
ActionView::Template::Error (The asset "application.css" is not present in the asset pipeline.
):

Causes:
Sprockets::Rails::Helper::AssetNotFound (The asset "application.css" is not present in the asset pipeline.
)
    13:     <link rel="icon" href="/icon.png" type="image/png">
    14:     <link rel="icon" href="/icon.svg" type="image/svg+xml">
    15:     <link rel="apple-touch-icon" href="/icon.png">
    16:     # <%= stylesheet_link_tag "application", "data-turbo-track": "reload" %> %>
    17:     <%# <%= javascript_include_tag "application", "data-turbo-track": "reload", type: "module" %> %>    
    18:   </head>
    19: 
  
app/views/layouts/application.html.erb:16
Started GET "/" for ::1 at 2024-09-03 21:54:05 -0400
Processing by RenderController#index as HTML
  Rendering layout layouts/application.html.erb
  Rendering render/index.html.erb within layouts/application
  Rendered render/index.html.erb within layouts/application (Duration: 0.6ms | GC: 0.0ms)
  Rendered layout layouts/application.html.erb (Duration: 1.9ms | GC: 0.0ms)
Completed 200 OK in 7ms (Views: 3.9ms | ActiveRecord: 0.0ms (0 queries, 0 cached) | GC: 0.2ms)


Started GET "/manifest.json" for ::1 at 2024-09-03 21:54:05 -0400
  
ActionController::RoutingError (No route matches [GET] "/manifest.json"):
  
Started GET "/" for ::1 at 2024-09-03 21:54:36 -0400
Processing by RenderController#index as HTML
  Rendering layout layouts/application.html.erb
  Rendering render/index.html.erb within layouts/application
  Rendered render/index.html.erb within layouts/application (Duration: 0.3ms | GC: 0.0ms)
  Rendered layout layouts/application.html.erb (Duration: 1.7ms | GC: 0.2ms)
Completed 200 OK in 6ms (Views: 4.1ms | ActiveRecord: 0.0ms (0 queries, 0 cached) | GC: 0.2ms)


Started GET "/manifest.json" for ::1 at 2024-09-03 21:54:36 -0400
  
ActionController::RoutingError (No route matches [GET] "/manifest.json"):
  
Started GET "/" for ::1 at 2024-09-03 21:54:45 -0400
Processing by RenderController#index as HTML
  Rendering layout layouts/application.html.erb
  Rendering render/index.html.erb within layouts/application
  Rendered render/index.html.erb within layouts/application (Duration: 0.5ms | GC: 0.0ms)
  Rendered layout layouts/application.html.erb (Duration: 3.9ms | GC: 0.6ms)
Completed 200 OK in 8ms (Views: 6.5ms | ActiveRecord: 0.0ms (0 queries, 0 cached) | GC: 0.6ms)


Started GET "/manifest.json" for ::1 at 2024-09-03 21:54:45 -0400
  
ActionController::RoutingError (No route matches [GET] "/manifest.json"):
  
Started GET "/" for ::1 at 2024-09-03 21:54:55 -0400
Processing by RenderController#index as HTML
  Rendering layout layouts/application.html.erb
  Rendering render/index.html.erb within layouts/application
  Rendered render/index.html.erb within layouts/application (Duration: 1.0ms | GC: 0.0ms)
  Rendered layout layouts/application.html.erb (Duration: 3.1ms | GC: 0.0ms)
Completed 200 OK in 7ms (Views: 5.6ms | ActiveRecord: 0.0ms (0 queries, 0 cached) | GC: 0.2ms)


Started GET "/manifest.json" for ::1 at 2024-09-03 21:54:55 -0400
  
ActionController::RoutingError (No route matches [GET] "/manifest.json"):
  
Started GET "/" for ::1 at 2024-09-03 22:00:01 -0400
Processing by RenderController#index as HTML
  Rendering layout layouts/application.html.erb
  Rendering render/index.html.erb within layouts/application
  Rendered render/index.html.erb within layouts/application (Duration: 0.4ms | GC: 0.0ms)
  Rendered layout layouts/application.html.erb (Duration: 2.4ms | GC: 0.0ms)
Completed 200 OK in 5ms (Views: 3.2ms | ActiveRecord: 0.0ms (0 queries, 0 cached) | GC: 0.0ms)


Started GET "/manifest.json" for ::1 at 2024-09-03 22:00:01 -0400
  
ActionController::RoutingError (No route matches [GET] "/manifest.json"):
  
Started GET "/" for ::1 at 2024-09-03 22:00:24 -0400
Processing by RenderController#index as HTML
  Rendering layout layouts/application.html.erb
  Rendering render/index.html.erb within layouts/application
  Rendered render/index.html.erb within layouts/application (Duration: 0.3ms | GC: 0.0ms)
  Rendered layout layouts/application.html.erb (Duration: 1.6ms | GC: 0.0ms)
Completed 200 OK in 7ms (Views: 3.0ms | ActiveRecord: 0.0ms (0 queries, 0 cached) | GC: 0.4ms)


Started GET "/manifest.json" for ::1 at 2024-09-03 22:00:24 -0400
  
ActionController::RoutingError (No route matches [GET] "/manifest.json"):
  
Started GET "/" for ::1 at 2024-09-03 22:00:29 -0400
Processing by RenderController#index as HTML
  Rendering layout layouts/application.html.erb
  Rendering render/index.html.erb within layouts/application
  Rendered render/index.html.erb within layouts/application (Duration: 0.4ms | GC: 0.0ms)
  Rendered layout layouts/application.html.erb (Duration: 1.6ms | GC: 0.0ms)
Completed 200 OK in 6ms (Views: 3.6ms | ActiveRecord: 0.0ms (0 queries, 0 cached) | GC: 0.1ms)


Started GET "/manifest.json" for ::1 at 2024-09-03 22:00:29 -0400
  
ActionController::RoutingError (No route matches [GET] "/manifest.json"):
  
Started GET "/" for ::1 at 2024-09-03 22:00:35 -0400
Processing by RenderController#index as HTML
  Rendering layout layouts/application.html.erb
  Rendering render/index.html.erb within layouts/application
  Rendered render/index.html.erb within layouts/application (Duration: 0.4ms | GC: 0.0ms)
  Rendered layout layouts/application.html.erb (Duration: 2.0ms | GC: 0.3ms)
Completed 200 OK in 6ms (Views: 4.5ms | ActiveRecord: 0.0ms (0 queries, 0 cached) | GC: 0.3ms)


Started GET "/manifest.json" for ::1 at 2024-09-03 22:00:35 -0400
  
ActionController::RoutingError (No route matches [GET] "/manifest.json"):
  
Started GET "/" for ::1 at 2024-09-03 22:01:16 -0400
Processing by RenderController#index as HTML
  Rendering layout layouts/application.html.erb
  Rendering render/index.html.erb within layouts/application
  Rendered render/index.html.erb within layouts/application (Duration: 0.4ms | GC: 0.0ms)
  Rendered layout layouts/application.html.erb (Duration: 1.5ms | GC: 0.0ms)
Completed 500 Internal Server Error in 7ms (ActiveRecord: 0.0ms (0 queries, 0 cached) | GC: 0.4ms)


  
ActionView::SyntaxErrorInTemplate (Encountered a syntax error while rendering template: check <!DOCTYPE html>
<html>
  <head>
    <title><%= content_for(:title) || "Sprint0" %></title>
    <meta name="viewport" content="width=device-width,initial-scale=1">
    <meta name="apple-mobile-web-app-capable" content="yes">
    <%= csrf_meta_tags %>
    <%= csp_meta_tag %>

    <%= yield :head %>

    <link rel="manifest" href="/manifest.json">
    <link rel="icon" href="/icon.png" type="image/png">
    <link rel="icon" href="/icon.svg" type="image/svg+xml">
    <link rel="apple-touch-icon" href="/icon.png">
    <%= stylesheet_link_tag "application", "data-turbo-track": "reload"  
    <%= javascript_include_tag "application", "data-turbo-track": "reload", type: "module" %>     
  </head>

  <body>
    <%= yield %>
  </body>
</html>

):

Causes:
ActiveSupport::SyntaxErrorProxy (/root/sprint0/app/views/layouts/application.html.erb:17: syntax error, unexpected '<', expecting ')'
    <%= javascript_include_tag "ap...
    ^
/root/sprint0/app/views/layouts/application.html.erb:26: syntax error, unexpected `end', expecting ')'
          end
          ^~~
)
1:    <!DOCTYPE html>
2:    <html>
3:      <head>
4:        <title><%= content_for(:title) || "Sprint0" %></title>
5:        <meta name="viewport" content="width=device-width,initial-scale=1">
6:        <meta name="apple-mobile-web-app-capable" content="yes">
7:        <%= csrf_meta_tags %>
8:        <%= csp_meta_tag %>
9:    
10:        <%= yield :head %>
11:    
12:        <link rel="manifest" href="/manifest.json">
13:        <link rel="icon" href="/icon.png" type="image/png">
14:        <link rel="icon" href="/icon.svg" type="image/svg+xml">
15:        <link rel="apple-touch-icon" href="/icon.png">
16:        <%= stylesheet_link_tag "application", "data-turbo-track": "reload"  
17:        <%= javascript_include_tag "application", "data-turbo-track": "reload", type: "module" %>     
18:      </head>
19:    
20:      <body>
21:        <%= yield %>
22:      </body>
23:    </html>
  
app/views/layouts/application.html.erb:17: syntax error, unexpected '<', expecting ')'
app/views/layouts/application.html.erb:26: syntax error, unexpected `end', expecting ')'
Started GET "/" for ::1 at 2024-09-04 09:37:47 -0400
  [1m[36mActiveRecord::SchemaMigration Load (5.4ms)[0m  [1m[34mSELECT "schema_migrations"."version" FROM "schema_migrations" ORDER BY "schema_migrations"."version" ASC[0m
Processing by RenderController#index as HTML
  Rendering layout layouts/application.html.erb
  Rendering render/index.html.erb within layouts/application
  Rendered render/index.html.erb within layouts/application (Duration: 1.0ms | GC: 0.0ms)
  Rendered layout layouts/application.html.erb (Duration: 36.1ms | GC: 0.3ms)
Completed 200 OK in 113ms (Views: 47.8ms | ActiveRecord: 0.0ms (0 queries, 0 cached) | GC: 1.2ms)


Started GET "/manifest.json" for ::1 at 2024-09-04 09:37:48 -0400
  
ActionController::RoutingError (No route matches [GET] "/manifest.json"):
  
Started GET "/" for ::1 at 2024-09-04 09:39:43 -0400
Processing by RenderController#index as HTML
  Rendering layout layouts/application.html.erb
  Rendering render/index.html.erb within layouts/application
  Rendered render/index.html.erb within layouts/application (Duration: 1.5ms | GC: 0.4ms)
  Rendered layout layouts/application.html.erb (Duration: 21.6ms | GC: 3.0ms)
Completed 500 Internal Server Error in 30ms (ActiveRecord: 0.0ms (0 queries, 0 cached) | GC: 4.0ms)


  
ActionView::Template::Error (The asset "application.css" is not present in the asset pipeline.
):

Causes:
Sprockets::Rails::Helper::AssetNotFound (The asset "application.css" is not present in the asset pipeline.
)
    13:     <link rel="icon" href="/icon.png" type="image/png">
    14:     <link rel="icon" href="/icon.svg" type="image/svg+xml">
    15:     <link rel="apple-touch-icon" href="/icon.png">
    16:     <%= stylesheet_link_tag "application", "data-turbo-track": "reload" %>
    17:     <%= javascript_include_tag "application", "data-turbo-track": "reload", type: "module" %>
    18:   </head>
    19: 
  
app/views/layouts/application.html.erb:16
Started GET "/" for ::1 at 2024-09-04 09:41:31 -0400
Processing by RenderController#index as HTML
  Rendering layout layouts/application.html.erb
  Rendering render/index.html.erb within layouts/application
  Rendered render/index.html.erb within layouts/application (Duration: 1.0ms | GC: 0.0ms)
  Rendered layout layouts/application.html.erb (Duration: 20.6ms | GC: 0.7ms)
Completed 500 Internal Server Error in 28ms (ActiveRecord: 0.0ms (0 queries, 0 cached) | GC: 0.7ms)


  
ActionView::Template::Error (The asset "application.css" is not present in the asset pipeline.
):

Causes:
Sprockets::Rails::Helper::AssetNotFound (The asset "application.css" is not present in the asset pipeline.
)
    13:     <link rel="icon" href="/icon.png" type="image/png">
    14:     <link rel="icon" href="/icon.svg" type="image/svg+xml">
    15:     <link rel="apple-touch-icon" href="/icon.png">
    16:     <%= stylesheet_link_tag "application", "data-turbo-track": "reload" %>
    17:     <%= javascript_include_tag "application", "data-turbo-track": "reload", type: "module" %>
    18:     <%# <%= stylesheet_link_tag "application", "data-turbo-track": "reload"  
    19:     <%# <%= javascript_include_tag "application", "data-turbo-track": "reload", type: "module" %>     
  
app/views/layouts/application.html.erb:16
Started GET "/" for ::1 at 2024-09-04 09:44:20 -0400
Processing by RenderController#index as HTML
  Rendering layout layouts/application.html.erb
  Rendering render/index.html.erb within layouts/application
  Rendered render/index.html.erb within layouts/application (Duration: 0.6ms | GC: 0.0ms)
  Rendered layout layouts/application.html.erb (Duration: 30.6ms | GC: 3.9ms)
Completed 500 Internal Server Error in 41ms (ActiveRecord: 0.0ms (0 queries, 0 cached) | GC: 10.2ms)


  
ActionView::Template::Error (The asset "application.css" is not present in the asset pipeline.
):

Causes:
Sprockets::Rails::Helper::AssetNotFound (The asset "application.css" is not present in the asset pipeline.
)
    13:     <link rel="icon" href="/icon.png" type="image/png">
    14:     <link rel="icon" href="/icon.svg" type="image/svg+xml">
    15:     <link rel="apple-touch-icon" href="/icon.png">
    16:     <%= stylesheet_link_tag "application", "data-turbo-track": "reload" %>
    17:     <%= javascript_include_tag "application", "data-turbo-track": "reload", type: "module" %>
    18:     <%# <%= stylesheet_link_tag "application", "data-turbo-track": "reload"  
    19:     <%# <%= javascript_include_tag "application", "data-turbo-track": "reload", type: "module" %>     
  
app/views/layouts/application.html.erb:16
Started GET "/" for ::1 at 2024-09-04 09:44:45 -0400
Processing by RenderController#index as HTML
  Rendering layout layouts/application.html.erb
  Rendering render/index.html.erb within layouts/application
  Rendered render/index.html.erb within layouts/application (Duration: 0.6ms | GC: 0.0ms)
  Rendered layout layouts/application.html.erb (Duration: 2.2ms | GC: 0.2ms)
Completed 200 OK in 6ms (Views: 4.3ms | ActiveRecord: 0.0ms (0 queries, 0 cached) | GC: 0.2ms)


Started GET "/manifest.json" for ::1 at 2024-09-04 09:44:45 -0400
  
ActionController::RoutingError (No route matches [GET] "/manifest.json"):
  
Started GET "/" for ::1 at 2024-09-04 09:46:14 -0400
Processing by RenderController#index as HTML
  Rendering layout layouts/application.html.erb
  Rendering render/index.html.erb within layouts/application
  Rendered render/index.html.erb within layouts/application (Duration: 0.9ms | GC: 0.0ms)
  Rendered layout layouts/application.html.erb (Duration: 20.6ms | GC: 0.3ms)
Completed 500 Internal Server Error in 31ms (ActiveRecord: 0.0ms (0 queries, 0 cached) | GC: 0.3ms)


  
ActionView::Template::Error (The asset "application.css" is not present in the asset pipeline.
):

Causes:
Sprockets::Rails::Helper::AssetNotFound (The asset "application.css" is not present in the asset pipeline.
)
    13:     <link rel="icon" href="/icon.png" type="image/png">
    14:     <link rel="icon" href="/icon.svg" type="image/svg+xml">
    15:     <link rel="apple-touch-icon" href="/icon.png">
    16:     <%= stylesheet_link_tag "application", "data-turbo-track": "reload" %>
    17:     <%= javascript_include_tag "application", "data-turbo-track": "reload", type: "module" %>
    18:     <%# <%= stylesheet_link_tag "application", "data-turbo-track": "reload"  
    19:     <%# <%= javascript_include_tag "application", "data-turbo-track": "reload", type: "module" %>     
  
app/views/layouts/application.html.erb:16
Started GET "/" for ::1 at 2024-09-04 11:54:10 -0400
  [1m[36mActiveRecord::SchemaMigration Load (2.0ms)[0m  [1m[34mSELECT "schema_migrations"."version" FROM "schema_migrations" ORDER BY "schema_migrations"."version" ASC[0m
Processing by RenderController#index as HTML
  Rendering layout layouts/application.html.erb
  Rendering render/index.html.erb within layouts/application
  Rendered render/index.html.erb within layouts/application (Duration: 1.1ms | GC: 0.2ms)
  Rendered layout layouts/application.html.erb (Duration: 14.6ms | GC: 0.2ms)
Completed 200 OK in 44ms (Views: 21.3ms | ActiveRecord: 0.0ms (0 queries, 0 cached) | GC: 0.6ms)


Started GET "/manifest.json" for ::1 at 2024-09-04 11:54:11 -0400
  
ActionController::RoutingError (No route matches [GET] "/manifest.json"):
  
Started GET "/" for ::1 at 2024-09-04 11:55:19 -0400
Processing by RenderController#index as HTML
  Rendering layout layouts/application.html.erb
  Rendering render/index.html.erb within layouts/application
  Rendered render/index.html.erb within layouts/application (Duration: 0.5ms | GC: 0.0ms)
  Rendered layout layouts/application.html.erb (Duration: 4.2ms | GC: 0.9ms)
Completed 200 OK in 15ms (Views: 7.4ms | ActiveRecord: 0.0ms (0 queries, 0 cached) | GC: 3.9ms)


Started GET "/manifest.json" for ::1 at 2024-09-04 11:55:19 -0400
  
ActionController::RoutingError (No route matches [GET] "/manifest.json"):
  
Started GET "/" for ::1 at 2024-09-04 11:55:38 -0400
Processing by RenderController#index as HTML
  Rendering layout layouts/application.html.erb
  Rendering render/index.html.erb within layouts/application
  Rendered render/index.html.erb within layouts/application (Duration: 0.4ms | GC: 0.0ms)
  Rendered layout layouts/application.html.erb (Duration: 2.0ms | GC: 0.0ms)
Completed 200 OK in 6ms (Views: 4.3ms | ActiveRecord: 0.0ms (0 queries, 0 cached) | GC: 0.0ms)


Started GET "/manifest.json" for ::1 at 2024-09-04 11:55:38 -0400
  
ActionController::RoutingError (No route matches [GET] "/manifest.json"):
  
Started GET "/" for ::1 at 2024-09-04 17:48:03 -0400
  [1m[36mActiveRecord::SchemaMigration Load (2.5ms)[0m  [1m[34mSELECT "schema_migrations"."version" FROM "schema_migrations" ORDER BY "schema_migrations"."version" ASC[0m
Processing by RenderController#index as HTML
  Rendering layout layouts/application.html.erb
  Rendering render/index.html.erb within layouts/application
  Rendered render/index.html.erb within layouts/application (Duration: 1.0ms | GC: 0.0ms)
  Rendered layout layouts/application.html.erb (Duration: 19.7ms | GC: 0.3ms)
Completed 200 OK in 63ms (Views: 25.5ms | ActiveRecord: 0.0ms (0 queries, 0 cached) | GC: 0.8ms)


Started GET "/manifest.json" for ::1 at 2024-09-04 17:48:03 -0400
  
ActionController::RoutingError (No route matches [GET] "/manifest.json"):
  
Started GET "/manifest.json" for ::1 at 2024-09-04 18:11:00 -0400
  [1m[36mActiveRecord::SchemaMigration Load (1.8ms)[0m  [1m[34mSELECT "schema_migrations"."version" FROM "schema_migrations" ORDER BY "schema_migrations"."version" ASC[0m
  
ActionController::RoutingError (No route matches [GET] "/manifest.json"):
  
Started GET "/" for ::1 at 2024-09-04 18:11:52 -0400
  [1m[36mActiveRecord::SchemaMigration Load (0.8ms)[0m  [1m[34mSELECT "schema_migrations"."version" FROM "schema_migrations" ORDER BY "schema_migrations"."version" ASC[0m
Processing by RenderController#index as HTML
  Rendering layout layouts/application.html.erb
  Rendering render/index.html.erb within layouts/application
  Rendered render/index.html.erb within layouts/application (Duration: 6.3ms | GC: 0.2ms)
  Rendered layout layouts/application.html.erb (Duration: 53.5ms | GC: 0.2ms)
Completed 200 OK in 336ms (Views: 96.9ms | ActiveRecord: 0.0ms (0 queries, 0 cached) | GC: 0.7ms)


Started GET "/manifest.json" for ::1 at 2024-09-04 18:11:53 -0400
  
ActionController::RoutingError (No route matches [GET] "/manifest.json"):
  
Started GET "/" for ::1 at 2024-09-04 18:12:23 -0400
Processing by RenderController#index as HTML
  Rendering layout layouts/application.html.erb
  Rendering render/index.html.erb within layouts/application
  Rendered render/index.html.erb within layouts/application (Duration: 11.3ms | GC: 0.0ms)
  Rendered layout layouts/application.html.erb (Duration: 27.6ms | GC: 0.5ms)
Completed 200 OK in 117ms (Views: 72.7ms | ActiveRecord: 0.0ms (0 queries, 0 cached) | GC: 1.3ms)


Started GET "/manifest.json" for ::1 at 2024-09-04 18:12:24 -0400
  
ActionController::RoutingError (No route matches [GET] "/manifest.json"):
  
